<?xml version="1.0" encoding="UTF-8"?>
<testsuite xmlns:xsi="http://www.w3.org/2001/XMLSchema-instance" xsi:noNamespaceSchemaLocation="https://maven.apache.org/surefire/maven-failsafe-plugin/xsd/failsafe-test-report-3.0.xsd" version="3.0" name="com.javaded.controller.ProductRestControllerIT" time="11.998" tests="10" errors="0" skipped="0" failures="0">
  <properties>
[...]
</properties>
  <testcase name="findProduct_ProductExists_ReturnsProductsList" classname="com.javaded.controller.ProductRestControllerIT" time="0.263">
    <system-out><![CDATA[2024-05-14T20:07:28.410+03:00  INFO   --- [           main] t.c.s.AnnotationConfigContextLoaderUtils : Could not detect default configuration classes for test class [com.javaded.controller.ProductRestControllerIT]: ProductRestControllerIT does not declare any static, non-private, non-final, nested classes annotated with @Configuration.
2024-05-14T20:07:28.511+03:00  INFO   --- [           main] .b.t.c.SpringBootTestContextBootstrapper : Found @SpringBootConfiguration com.javaded.CatalogueServiceApplication for test class com.javaded.controller.ProductRestControllerIT
2024-05-14T20:07:28.623+03:00  INFO   --- [           main] o.s.b.d.r.RestartApplicationListener     : Restart disabled due to context in which it is running

  .   ____          _            __ _ _
 /\\ / ___'_ __ _ _(_)_ __  __ _ \ \ \ \
( ( )\___ | '_ | '_| | '_ \/ _` | \ \ \ \
 \\/  ___)| |_)| | | | | || (_| |  ) ) ) )
  '  |____| .__|_| |_|_| |_\__, | / / / /
 =========|_|==============|___/=/_/_/_/
 :: Spring Boot ::                (v3.2.5)

2024-05-14T20:07:28.880+03:00  INFO 7728 --- [           main] [                                                 ] c.j.controller.ProductRestControllerIT   : Starting ProductRestControllerIT using Java 21.0.3 with PID 7728 (started by andro in D:\Project\Catalogue\catalogue\catalogue-service)
2024-05-14T20:07:28.882+03:00  INFO 7728 --- [           main] [                                                 ] c.j.controller.ProductRestControllerIT   : No active profile set, falling back to 1 default profile: "default"
2024-05-14T20:07:29.715+03:00  INFO 7728 --- [           main] [                                                 ] .s.d.r.c.RepositoryConfigurationDelegate : Bootstrapping Spring Data JPA repositories in DEFAULT mode.
2024-05-14T20:07:29.808+03:00  INFO 7728 --- [           main] [                                                 ] .s.d.r.c.RepositoryConfigurationDelegate : Finished Spring Data repository scanning in 87 ms. Found 1 JPA repository interface.
2024-05-14T20:07:30.024+03:00  INFO 7728 --- [           main] [                                                 ] o.s.cloud.context.scope.GenericScope     : BeanFactory id=a1a3516f-a58c-3ae6-8a85-74187fecc635
2024-05-14T20:07:30.270+03:00  WARN 7728 --- [           main] [                                                 ] trationDelegate$BeanPostProcessorChecker : Bean 'org.springframework.cloud.client.loadbalancer.LoadBalancerAutoConfiguration$DeferringLoadBalancerInterceptorConfig' of type [org.springframework.cloud.client.loadbalancer.LoadBalancerAutoConfiguration$DeferringLoadBalancerInterceptorConfig] is not eligible for getting processed by all BeanPostProcessors (for example: not eligible for auto-proxying). The currently created BeanPostProcessor [lbRestClientPostProcessor] is declared through a non-static factory method on that class; consider declaring it as static instead.
2024-05-14T20:07:30.272+03:00  WARN 7728 --- [           main] [                                                 ] trationDelegate$BeanPostProcessorChecker : Bean 'deferringLoadBalancerInterceptor' of type [org.springframework.cloud.client.loadbalancer.DeferringLoadBalancerInterceptor] is not eligible for getting processed by all BeanPostProcessors (for example: not eligible for auto-proxying). Is this bean getting eagerly injected into a currently created BeanPostProcessor [lbRestClientPostProcessor]? Check the corresponding BeanPostProcessor declaration and its dependencies.
2024-05-14T20:07:30.377+03:00  INFO 7728 --- [           main] [                                                 ] com.zaxxer.hikari.HikariDataSource       : HikariPool-1 - Starting...
2024-05-14T20:07:30.409+03:00  INFO 7728 --- [           main] [                                                 ] org.testcontainers.images.PullPolicy     : Image pull policy will be performed by: DefaultPullPolicy()
2024-05-14T20:07:30.410+03:00  INFO 7728 --- [           main] [                                                 ] o.t.utility.ImageNameSubstitutor         : Image name substitution will be performed by: DefaultImageNameSubstitutor (composite of 'ConfigurationFileImageNameSubstitutor' and 'PrefixingImageNameSubstitutor')
2024-05-14T20:07:30.557+03:00  INFO 7728 --- [           main] [                                                 ] o.t.d.DockerClientProviderStrategy       : Loaded org.testcontainers.dockerclient.NpipeSocketClientProviderStrategy from ~/.testcontainers.properties, will try it first
2024-05-14T20:07:30.731+03:00  INFO 7728 --- [           main] [                                                 ] o.t.d.DockerClientProviderStrategy       : Found Docker environment with local Npipe socket (npipe:////./pipe/docker_engine)
2024-05-14T20:07:30.732+03:00  INFO 7728 --- [           main] [                                                 ] org.testcontainers.DockerClientFactory   : Docker host IP address is localhost
2024-05-14T20:07:30.743+03:00  INFO 7728 --- [           main] [                                                 ] org.testcontainers.DockerClientFactory   : Connected to docker: 
  Server Version: 26.1.1
  API Version: 1.45
  Operating System: Docker Desktop
  Total Memory: 15951 MB
2024-05-14T20:07:30.775+03:00  INFO 7728 --- [           main] [                                                 ] tc.testcontainers/ryuk:0.6.0             : Creating container for image: testcontainers/ryuk:0.6.0
2024-05-14T20:07:31.031+03:00  INFO 7728 --- [           main] [                                                 ] tc.testcontainers/ryuk:0.6.0             : Container testcontainers/ryuk:0.6.0 is starting: 89fcd472f48b441dbf5c9a86a3da9ddaa89d53acd7bb8e08b150da8a407864af
2024-05-14T20:07:31.452+03:00  INFO 7728 --- [           main] [                                                 ] tc.testcontainers/ryuk:0.6.0             : Container testcontainers/ryuk:0.6.0 started in PT0.6768881S
2024-05-14T20:07:31.459+03:00  INFO 7728 --- [           main] [                                                 ] o.t.utility.RyukResourceReaper           : Ryuk started - will monitor and terminate Testcontainers containers on JVM exit
2024-05-14T20:07:31.459+03:00  INFO 7728 --- [           main] [                                                 ] org.testcontainers.DockerClientFactory   : Checking the system...
2024-05-14T20:07:31.460+03:00  INFO 7728 --- [           main] [                                                 ] org.testcontainers.DockerClientFactory   : ✔︎ Docker server version should be at least 1.6.0
2024-05-14T20:07:31.460+03:00  INFO 7728 --- [           main] [                                                 ] tc.postgres:16                           : Creating container for image: postgres:16
2024-05-14T20:07:31.563+03:00  INFO 7728 --- [           main] [                                                 ] tc.postgres:16                           : Container postgres:16 is starting: 2275ec6ecded314a888058bfc633a00701e008fdd4b22f1107751a9e908f7c88
2024-05-14T20:07:35.661+03:00  INFO 7728 --- [           main] [                                                 ] tc.postgres:16                           : Container postgres:16 started in PT4.2013043S
2024-05-14T20:07:35.662+03:00  INFO 7728 --- [           main] [                                                 ] tc.postgres:16                           : Container is started (JDBC URL: jdbc:postgresql://localhost:54410/test?loggerLevel=OFF)
2024-05-14T20:07:35.755+03:00  INFO 7728 --- [           main] [                                                 ] com.zaxxer.hikari.pool.HikariPool        : HikariPool-1 - Added connection org.testcontainers.jdbc.ConnectionWrapper@6b9fc5c7
2024-05-14T20:07:35.756+03:00  INFO 7728 --- [           main] [                                                 ] com.zaxxer.hikari.HikariDataSource       : HikariPool-1 - Start completed.
2024-05-14T20:07:36.106+03:00  INFO 7728 --- [           main] [                                                 ] o.f.c.internal.license.VersionPrinter    : Flyway Community Edition 9.22.3 by Redgate
2024-05-14T20:07:36.107+03:00  INFO 7728 --- [           main] [                                                 ] o.f.c.internal.license.VersionPrinter    : See release notes here: https://rd.gt/416ObMi
2024-05-14T20:07:36.107+03:00  INFO 7728 --- [           main] [                                                 ] o.f.c.internal.license.VersionPrinter    : 
2024-05-14T20:07:36.121+03:00  INFO 7728 --- [           main] [732410f6a64b48432c3c5eab39f24e5a-5cf60cf08afc1b00] org.flywaydb.core.FlywayExecutor         : Database: jdbc:postgresql://localhost:54410/test (PostgreSQL 16.2)
2024-05-14T20:07:36.133+03:00  WARN 7728 --- [           main] [732410f6a64b48432c3c5eab39f24e5a-5cf60cf08afc1b00] o.f.c.internal.database.base.Database    : Flyway upgrade recommended: PostgreSQL 16.2 is newer than this version of Flyway and support has not been tested. The latest supported version of PostgreSQL is 15.
2024-05-14T20:07:36.157+03:00  INFO 7728 --- [           main] [732410f6a64b48432c3c5eab39f24e5a-5cf60cf08afc1b00] o.f.c.i.s.JdbcTableSchemaHistory         : Schema history table "public"."flyway_schema_history" does not exist yet
2024-05-14T20:07:36.161+03:00  INFO 7728 --- [           main] [732410f6a64b48432c3c5eab39f24e5a-5cf60cf08afc1b00] o.f.core.internal.command.DbValidate     : Successfully validated 1 migration (execution time 00:00.016s)
2024-05-14T20:07:36.181+03:00  INFO 7728 --- [           main] [732410f6a64b48432c3c5eab39f24e5a-5cf60cf08afc1b00] o.f.c.i.s.JdbcTableSchemaHistory         : Creating Schema History table "public"."flyway_schema_history" ...
2024-05-14T20:07:36.216+03:00  INFO 7728 --- [           main] [732410f6a64b48432c3c5eab39f24e5a-03e63f91bafa2ef3] o.f.core.internal.command.DbMigrate      : Current version of schema "public": << Empty Schema >>
2024-05-14T20:07:36.221+03:00  INFO 7728 --- [           main] [732410f6a64b48432c3c5eab39f24e5a-03e63f91bafa2ef3] o.f.core.internal.command.DbMigrate      : Migrating schema "public" to version "24.1.1 - Basic schema"
2024-05-14T20:07:36.247+03:00  INFO 7728 --- [           main] [732410f6a64b48432c3c5eab39f24e5a-03e63f91bafa2ef3] o.f.core.internal.command.DbMigrate      : Successfully applied 1 migration to schema "public", now at version v24.1.1 (execution time 00:00.009s)
2024-05-14T20:07:36.327+03:00  INFO 7728 --- [           main] [                                                 ] o.hibernate.jpa.internal.util.LogHelper  : HHH000204: Processing PersistenceUnitInfo [name: default]
2024-05-14T20:07:36.370+03:00  INFO 7728 --- [           main] [                                                 ] org.hibernate.Version                    : HHH000412: Hibernate ORM core version 6.4.4.Final
2024-05-14T20:07:36.394+03:00  INFO 7728 --- [           main] [                                                 ] o.h.c.internal.RegionFactoryInitiator    : HHH000026: Second-level cache disabled
2024-05-14T20:07:36.532+03:00  INFO 7728 --- [           main] [                                                 ] o.s.o.j.p.SpringPersistenceUnitInfo      : No LoadTimeWeaver setup: ignoring JPA class transformer
2024-05-14T20:07:37.098+03:00  INFO 7728 --- [           main] [                                                 ] o.h.e.t.j.p.i.JtaPlatformInitiator       : HHH000489: No JTA platform available (set 'hibernate.transaction.jta.platform' to enable JTA platform integration)
2024-05-14T20:07:37.100+03:00  INFO 7728 --- [           main] [                                                 ] j.LocalContainerEntityManagerFactoryBean : Initialized JPA EntityManagerFactory for persistence unit 'default'
2024-05-14T20:07:37.994+03:00  WARN 7728 --- [           main] [                                                 ] JpaBaseConfiguration$JpaWebConfiguration : spring.jpa.open-in-view is enabled by default. Therefore, database queries may be performed during view rendering. Explicitly configure spring.jpa.open-in-view to disable this warning
2024-05-14T20:07:38.524+03:00  INFO 7728 --- [           main] [                                                 ] o.s.b.a.e.web.EndpointLinksResolver      : Exposing 1 endpoint(s) beneath base path '/actuator'
2024-05-14T20:07:38.598+03:00  INFO 7728 --- [           main] [                                                 ] o.s.s.web.DefaultSecurityFilterChain     : Will secure any request with [org.springframework.security.web.session.DisableEncodeUrlFilter@6571c72e, org.springframework.security.web.context.request.async.WebAsyncManagerIntegrationFilter@1145d71f, org.springframework.security.web.context.SecurityContextHolderFilter@66e1ac9, org.springframework.security.web.header.HeaderWriterFilter@16374086, org.springframework.web.filter.CorsFilter@1b36c5aa, org.springframework.security.web.authentication.logout.LogoutFilter@38b1101c, org.springframework.security.oauth2.client.web.OAuth2AuthorizationRequestRedirectFilter@74cc987a, org.springframework.security.oauth2.server.resource.web.authentication.BearerTokenAuthenticationFilter@446dcab3, org.springframework.security.web.savedrequest.RequestCacheAwareFilter@5ce0b14f, org.springframework.security.web.servletapi.SecurityContextHolderAwareRequestFilter@7d3af2f0, org.springframework.security.web.authentication.AnonymousAuthenticationFilter@1af3bf5b, org.springframework.security.oauth2.client.web.OAuth2AuthorizationCodeGrantFilter@3c16f821, org.springframework.security.web.session.SessionManagementFilter@75591913, org.springframework.security.web.access.ExceptionTranslationFilter@46c2451a, org.springframework.security.web.access.intercept.AuthorizationFilter@78299721]
2024-05-14T20:07:39.349+03:00  INFO 7728 --- [           main] [                                                 ] o.s.b.t.m.w.SpringBootMockServletContext : Initializing Spring TestDispatcherServlet ''
2024-05-14T20:07:39.350+03:00  INFO 7728 --- [           main] [                                                 ] o.s.t.web.servlet.TestDispatcherServlet  : Initializing Servlet ''
2024-05-14T20:07:39.351+03:00  INFO 7728 --- [           main] [                                                 ] o.s.t.web.servlet.TestDispatcherServlet  : Completed initialization in 1 ms
2024-05-14T20:07:39.376+03:00  INFO 7728 --- [           main] [                                                 ] DiscoveryClientOptionalArgsConfiguration : Eureka HTTP Client uses RestTemplate.
2024-05-14T20:07:39.423+03:00  WARN 7728 --- [           main] [                                                 ] iguration$LoadBalancerCaffeineWarnLogger : Spring Cloud LoadBalancer is currently working with the default cache. While this cache implementation is useful for development and tests, it's recommended to use Caffeine cache in production.You can switch to using Caffeine cache, by adding it and org.springframework.cache.caffeine.CaffeineCacheManager to the classpath.
2024-05-14T20:07:39.480+03:00  INFO 7728 --- [           main] [                                                 ] c.j.controller.ProductRestControllerIT   : Started ProductRestControllerIT in 10.868 seconds (process running for 11.972)

MockHttpServletRequest:
      HTTP Method = GET
      Request URI = /catalogue-api/products/1
       Parameters = {}
          Headers = []
             Body = null
    Session Attrs = {}

Handler:
             Type = com.javaded.controller.ProductRestController
           Method = com.javaded.controller.ProductRestController#findProduct(Product)

Async:
    Async started = false
     Async result = null

Resolved Exception:
             Type = null

ModelAndView:
        View name = null
             View = null
            Model = null

FlashMap:
       Attributes = null

MockHttpServletResponse:
           Status = 200
    Error message = null
          Headers = [Vary:"Origin", "Access-Control-Request-Method", "Access-Control-Request-Headers", Content-Type:"application/json", X-Content-Type-Options:"nosniff", X-XSS-Protection:"0", Cache-Control:"no-cache, no-store, max-age=0, must-revalidate", Pragma:"no-cache", Expires:"0", X-Frame-Options:"DENY"]
     Content type = application/json
             Body = {"id":1,"title":"Товар №1","details":"Описание товара №1"}
    Forwarded URL = null
   Redirected URL = null
          Cookies = []
]]></system-out>
    <system-err><![CDATA[WARNING: A Java agent has been loaded dynamically (C:\Users\andro\.m2\repository\net\bytebuddy\byte-buddy-agent\1.14.13\byte-buddy-agent-1.14.13.jar)
WARNING: If a serviceability tool is in use, please run with -XX:+EnableDynamicAgentLoading to hide this warning
WARNING: If a serviceability tool is not in use, please run with -Djdk.instrument.traceUsage for more information
WARNING: Dynamic loading of agents will be disallowed by default in a future release
]]></system-err>
  </testcase>
  <testcase name="deleteProduct_UserIsNotAuthorized_ReturnsForbidden" classname="com.javaded.controller.ProductRestControllerIT" time="0.011">
    <system-out><![CDATA[
MockHttpServletRequest:
      HTTP Method = DELETE
      Request URI = /catalogue-api/products/1
       Parameters = {}
          Headers = []
             Body = null
    Session Attrs = {}

Handler:
             Type = null

Async:
    Async started = false
     Async result = null

Resolved Exception:
             Type = null

ModelAndView:
        View name = null
             View = null
            Model = null

FlashMap:
       Attributes = null

MockHttpServletResponse:
           Status = 403
    Error message = null
          Headers = [Vary:"Origin", "Access-Control-Request-Method", "Access-Control-Request-Headers", WWW-Authenticate:"Bearer error="insufficient_scope", error_description="The request requires higher privileges than provided by the access token.", error_uri="https://tools.ietf.org/html/rfc6750#section-3.1"", X-Content-Type-Options:"nosniff", X-XSS-Protection:"0", Cache-Control:"no-cache, no-store, max-age=0, must-revalidate", Pragma:"no-cache", Expires:"0", X-Frame-Options:"DENY"]
     Content type = null
             Body = 
    Forwarded URL = null
   Redirected URL = null
          Cookies = []
]]></system-out>
  </testcase>
  <testcase name="updateProduct_ProductDoesNotExist_ReturnsNotFound" classname="com.javaded.controller.ProductRestControllerIT" time="0.03">
    <system-out><![CDATA[
MockHttpServletRequest:
      HTTP Method = PATCH
      Request URI = /catalogue-api/products/1
       Parameters = {}
          Headers = [Content-Type:"application/json;charset=UTF-8", Content-Length:"92", Accept-Language:"ru"]
             Body = {
    "title": "Новое название",
    "details": "Новое описание"
}
    Session Attrs = {}

Handler:
             Type = com.javaded.controller.ProductRestController
           Method = com.javaded.controller.ProductRestController#updateProduct(int, UpdateProductPayload, BindingResult)

Async:
    Async started = false
     Async result = null

Resolved Exception:
             Type = java.util.NoSuchElementException

ModelAndView:
        View name = null
             View = null
            Model = null

FlashMap:
       Attributes = null

MockHttpServletResponse:
           Status = 404
    Error message = null
          Headers = [Vary:"Origin", "Access-Control-Request-Method", "Access-Control-Request-Headers", Content-Type:"application/problem+json", X-Content-Type-Options:"nosniff", X-XSS-Protection:"0", Cache-Control:"no-cache, no-store, max-age=0, must-revalidate", Pragma:"no-cache", Expires:"0", X-Frame-Options:"DENY"]
     Content type = application/problem+json
             Body = {"type":"about:blank","title":"Not Found","status":404,"detail":"Ð¢Ð¾Ð²Ð°Ñ Ð½Ðµ Ð½Ð°Ð¹Ð´ÐµÐ½","instance":"/catalogue-api/products/1"}
    Forwarded URL = null
   Redirected URL = null
          Cookies = []
]]></system-out>
  </testcase>
  <testcase name="deleteProduct_ProductDoesNotExist_ReturnsNotFound" classname="com.javaded.controller.ProductRestControllerIT" time="0.013">
    <system-out><![CDATA[
MockHttpServletRequest:
      HTTP Method = DELETE
      Request URI = /catalogue-api/products/1
       Parameters = {}
          Headers = []
             Body = null
    Session Attrs = {}

Handler:
             Type = com.javaded.controller.ProductRestController
           Method = com.javaded.controller.ProductRestController#deleteProduct(int)

Async:
    Async started = false
     Async result = null

Resolved Exception:
             Type = java.util.NoSuchElementException

ModelAndView:
        View name = null
             View = null
            Model = null

FlashMap:
       Attributes = null

MockHttpServletResponse:
           Status = 404
    Error message = null
          Headers = [Vary:"Origin", "Access-Control-Request-Method", "Access-Control-Request-Headers", Content-Type:"application/problem+json", X-Content-Type-Options:"nosniff", X-XSS-Protection:"0", Cache-Control:"no-cache, no-store, max-age=0, must-revalidate", Pragma:"no-cache", Expires:"0", X-Frame-Options:"DENY"]
     Content type = application/problem+json
             Body = {"type":"about:blank","title":"Not Found","status":404,"detail":"Ð¢Ð¾Ð²Ð°Ñ Ð½Ðµ Ð½Ð°Ð¹Ð´ÐµÐ½","instance":"/catalogue-api/products/1"}
    Forwarded URL = null
   Redirected URL = null
          Cookies = []
]]></system-out>
  </testcase>
  <testcase name="findProduct_UserIsNotAuthorized_ReturnsForbidden" classname="com.javaded.controller.ProductRestControllerIT" time="0.012">
    <system-out><![CDATA[
MockHttpServletRequest:
      HTTP Method = GET
      Request URI = /catalogue-api/products/1
       Parameters = {}
          Headers = []
             Body = null
    Session Attrs = {}

Handler:
             Type = null

Async:
    Async started = false
     Async result = null

Resolved Exception:
             Type = null

ModelAndView:
        View name = null
             View = null
            Model = null

FlashMap:
       Attributes = null

MockHttpServletResponse:
           Status = 403
    Error message = null
          Headers = [Vary:"Origin", "Access-Control-Request-Method", "Access-Control-Request-Headers", WWW-Authenticate:"Bearer error="insufficient_scope", error_description="The request requires higher privileges than provided by the access token.", error_uri="https://tools.ietf.org/html/rfc6750#section-3.1"", X-Content-Type-Options:"nosniff", X-XSS-Protection:"0", Cache-Control:"no-cache, no-store, max-age=0, must-revalidate", Pragma:"no-cache", Expires:"0", X-Frame-Options:"DENY"]
     Content type = null
             Body = 
    Forwarded URL = null
   Redirected URL = null
          Cookies = []
]]></system-out>
  </testcase>
  <testcase name="updateProduct_UserIsNotAuthorized_ReturnsForbidden" classname="com.javaded.controller.ProductRestControllerIT" time="0.009">
    <system-out><![CDATA[
MockHttpServletRequest:
      HTTP Method = PATCH
      Request URI = /catalogue-api/products/1
       Parameters = {}
          Headers = [Content-Type:"application/json;charset=UTF-8", Content-Length:"92", Accept-Language:"ru"]
             Body = {
    "title": "Новое название",
    "details": "Новое описание"
}
    Session Attrs = {}

Handler:
             Type = null

Async:
    Async started = false
     Async result = null

Resolved Exception:
             Type = null

ModelAndView:
        View name = null
             View = null
            Model = null

FlashMap:
       Attributes = null

MockHttpServletResponse:
           Status = 403
    Error message = null
          Headers = [Vary:"Origin", "Access-Control-Request-Method", "Access-Control-Request-Headers", WWW-Authenticate:"Bearer error="insufficient_scope", error_description="The request requires higher privileges than provided by the access token.", error_uri="https://tools.ietf.org/html/rfc6750#section-3.1"", X-Content-Type-Options:"nosniff", X-XSS-Protection:"0", Cache-Control:"no-cache, no-store, max-age=0, must-revalidate", Pragma:"no-cache", Expires:"0", X-Frame-Options:"DENY"]
     Content type = null
             Body = 
    Forwarded URL = null
   Redirected URL = null
          Cookies = []
]]></system-out>
  </testcase>
  <testcase name="findProduct_ProductDoesNotExist_ReturnsNotFound" classname="com.javaded.controller.ProductRestControllerIT" time="0.013">
    <system-out><![CDATA[
MockHttpServletRequest:
      HTTP Method = GET
      Request URI = /catalogue-api/products/1
       Parameters = {}
          Headers = []
             Body = null
    Session Attrs = {}

Handler:
             Type = com.javaded.controller.ProductRestController
           Method = com.javaded.controller.ProductRestController#findProduct(Product)

Async:
    Async started = false
     Async result = null

Resolved Exception:
             Type = java.util.NoSuchElementException

ModelAndView:
        View name = null
             View = null
            Model = null

FlashMap:
       Attributes = null

MockHttpServletResponse:
           Status = 404
    Error message = null
          Headers = [Vary:"Origin", "Access-Control-Request-Method", "Access-Control-Request-Headers", Content-Type:"application/problem+json", X-Content-Type-Options:"nosniff", X-XSS-Protection:"0", Cache-Control:"no-cache, no-store, max-age=0, must-revalidate", Pragma:"no-cache", Expires:"0", X-Frame-Options:"DENY"]
     Content type = application/problem+json
             Body = {"type":"about:blank","title":"Not Found","status":404,"detail":"Ð¢Ð¾Ð²Ð°Ñ Ð½Ðµ Ð½Ð°Ð¹Ð´ÐµÐ½","instance":"/catalogue-api/products/1"}
    Forwarded URL = null
   Redirected URL = null
          Cookies = []
]]></system-out>
  </testcase>
  <testcase name="deleteProduct_ProductExists_ReturnsNoContent" classname="com.javaded.controller.ProductRestControllerIT" time="0.023">
    <system-out><![CDATA[
MockHttpServletRequest:
      HTTP Method = DELETE
      Request URI = /catalogue-api/products/1
       Parameters = {}
          Headers = []
             Body = null
    Session Attrs = {}

Handler:
             Type = com.javaded.controller.ProductRestController
           Method = com.javaded.controller.ProductRestController#deleteProduct(int)

Async:
    Async started = false
     Async result = null

Resolved Exception:
             Type = null

ModelAndView:
        View name = null
             View = null
            Model = null

FlashMap:
       Attributes = null

MockHttpServletResponse:
           Status = 204
    Error message = null
          Headers = [Vary:"Origin", "Access-Control-Request-Method", "Access-Control-Request-Headers", X-Content-Type-Options:"nosniff", X-XSS-Protection:"0", Cache-Control:"no-cache, no-store, max-age=0, must-revalidate", Pragma:"no-cache", Expires:"0", X-Frame-Options:"DENY"]
     Content type = null
             Body = 
    Forwarded URL = null
   Redirected URL = null
          Cookies = []
]]></system-out>
  </testcase>
  <testcase name="updateProduct_RequestIsInvalid_ReturnsBadRequest" classname="com.javaded.controller.ProductRestControllerIT" time="0.069">
    <system-out><![CDATA[
MockHttpServletRequest:
      HTTP Method = PATCH
      Request URI = /catalogue-api/products/1
       Parameters = {}
          Headers = [Content-Type:"application/json;charset=UTF-8", Content-Length:"43", Accept-Language:"ru"]
             Body = {
    "title": "   ",
    "details": null
}
    Session Attrs = {}

Handler:
             Type = com.javaded.controller.ProductRestController
           Method = com.javaded.controller.ProductRestController#updateProduct(int, UpdateProductPayload, BindingResult)

Async:
    Async started = false
     Async result = null

Resolved Exception:
             Type = org.springframework.validation.BindException

ModelAndView:
        View name = null
             View = null
            Model = null

FlashMap:
       Attributes = null

MockHttpServletResponse:
           Status = 400
    Error message = null
          Headers = [Vary:"Origin", "Access-Control-Request-Method", "Access-Control-Request-Headers", Content-Type:"application/problem+json", X-Content-Type-Options:"nosniff", X-XSS-Protection:"0", Cache-Control:"no-cache, no-store, max-age=0, must-revalidate", Pragma:"no-cache", Expires:"0", X-Frame-Options:"DENY"]
     Content type = application/problem+json
             Body = {"type":"about:blank","title":"Bad Request","status":400,"detail":"ÐÐ°Ð¿ÑÐ¾Ñ ÑÐ¾Ð´ÐµÑÐ¶Ð¸Ñ Ð¾ÑÐ¸Ð±ÐºÐ¸","instance":"/catalogue-api/products/1","errors":["ÐÐ°Ð·Ð²Ð°Ð½Ð¸Ðµ ÑÐ¾Ð²Ð°ÑÐ° Ð´Ð¾Ð»Ð¶Ð½Ð¾ Ð±ÑÑÑ ÑÐºÐ°Ð·Ð°Ð½Ð¾"]}
    Forwarded URL = null
   Redirected URL = null
          Cookies = []
]]></system-out>
  </testcase>
  <testcase name="updateProduct_RequestIsValid_ReturnsNoContent" classname="com.javaded.controller.ProductRestControllerIT" time="0.018">
    <system-out><![CDATA[
MockHttpServletRequest:
      HTTP Method = PATCH
      Request URI = /catalogue-api/products/1
       Parameters = {}
          Headers = [Content-Type:"application/json;charset=UTF-8", Content-Length:"92"]
             Body = {
    "title": "Новое название",
    "details": "Новое описание"
}
    Session Attrs = {}

Handler:
             Type = com.javaded.controller.ProductRestController
           Method = com.javaded.controller.ProductRestController#updateProduct(int, UpdateProductPayload, BindingResult)

Async:
    Async started = false
     Async result = null

Resolved Exception:
             Type = null

ModelAndView:
        View name = null
             View = null
            Model = null

FlashMap:
       Attributes = null

MockHttpServletResponse:
           Status = 204
    Error message = null
          Headers = [Vary:"Origin", "Access-Control-Request-Method", "Access-Control-Request-Headers", X-Content-Type-Options:"nosniff", X-XSS-Protection:"0", Cache-Control:"no-cache, no-store, max-age=0, must-revalidate", Pragma:"no-cache", Expires:"0", X-Frame-Options:"DENY"]
     Content type = null
             Body = 
    Forwarded URL = null
   Redirected URL = null
          Cookies = []
]]></system-out>
  </testcase>
</testsuite>