<?xml version="1.0" encoding="UTF-8"?>
<testsuite xmlns:xsi="http://www.w3.org/2001/XMLSchema-instance" xsi:noNamespaceSchemaLocation="https://maven.apache.org/surefire/maven-failsafe-plugin/xsd/failsafe-test-report-3.0.xsd" version="3.0" name="com.javaded.repository.ProductRepositoryIT" time="0.24" tests="1" errors="0" skipped="0" failures="0">
  <properties>
[...]
</properties>
  <testcase name="findAllByTitleLikeIgnoreCase_ReturnsFilteredProductsList" classname="com.javaded.repository.ProductRepositoryIT" time="0.015">
    <system-out><![CDATA[2024-05-03T20:54:27.240+03:00  INFO 32176 --- [           main] t.c.s.AnnotationConfigContextLoaderUtils : Could not detect default configuration classes for test class [com.javaded.repository.ProductRepositoryIT]: ProductRepositoryIT does not declare any static, non-private, non-final, nested classes annotated with @Configuration.
2024-05-03T20:54:27.250+03:00  INFO 32176 --- [           main] .b.t.c.SpringBootTestContextBootstrapper : Found @SpringBootConfiguration com.javaded.CatalogueServiceApplication for test class com.javaded.repository.ProductRepositoryIT
2024-05-03T20:54:27.252+03:00  INFO 32176 --- [           main] o.s.b.d.r.RestartApplicationListener     : Restart disabled due to context in which it is running

  .   ____          _            __ _ _
 /\\ / ___'_ __ _ _(_)_ __  __ _ \ \ \ \
( ( )\___ | '_ | '_| | '_ \/ _` | \ \ \ \
 \\/  ___)| |_)| | | | | || (_| |  ) ) ) )
  '  |____| .__|_| |_|_| |_\__, | / / / /
 =========|_|==============|___/=/_/_/_/
 :: Spring Boot ::                (v3.2.5)

2024-05-03T20:54:27.265+03:00  INFO 32176 --- [           main] c.j.repository.ProductRepositoryIT       : Starting ProductRepositoryIT using Java 21.0.3 with PID 32176 (started by andro in C:\Users\andro\Desktop\Catalogue\catalogue\catalogue-service)
2024-05-03T20:54:27.266+03:00  INFO 32176 --- [           main] c.j.repository.ProductRepositoryIT       : No active profile set, falling back to 1 default profile: "default"
2024-05-03T20:54:27.311+03:00  INFO 32176 --- [           main] .s.d.r.c.RepositoryConfigurationDelegate : Bootstrapping Spring Data JPA repositories in DEFAULT mode.
2024-05-03T20:54:27.315+03:00  INFO 32176 --- [           main] .s.d.r.c.RepositoryConfigurationDelegate : Finished Spring Data repository scanning in 3 ms. Found 1 JPA repository interface.
2024-05-03T20:54:27.339+03:00  INFO 32176 --- [           main] com.zaxxer.hikari.HikariDataSource       : HikariPool-3 - Starting...
2024-05-03T20:54:27.353+03:00  INFO 32176 --- [           main] com.zaxxer.hikari.pool.HikariPool        : HikariPool-3 - Added connection org.testcontainers.jdbc.ConnectionWrapper@1b7708d9
2024-05-03T20:54:27.353+03:00  INFO 32176 --- [           main] com.zaxxer.hikari.HikariDataSource       : HikariPool-3 - Start completed.
2024-05-03T20:54:27.357+03:00  INFO 32176 --- [           main] org.flywaydb.core.FlywayExecutor         : Database: jdbc:postgresql://localhost:58171/test (PostgreSQL 16.2)
2024-05-03T20:54:27.360+03:00  WARN 32176 --- [           main] o.f.c.internal.database.base.Database    : Flyway upgrade recommended: PostgreSQL 16.2 is newer than this version of Flyway and support has not been tested. The latest supported version of PostgreSQL is 15.
2024-05-03T20:54:27.365+03:00  INFO 32176 --- [           main] o.f.core.internal.command.DbValidate     : Successfully validated 1 migration (execution time 00:00.003s)
2024-05-03T20:54:27.386+03:00  INFO 32176 --- [           main] o.f.core.internal.command.DbMigrate      : Current version of schema "public": 1.1.1
2024-05-03T20:54:27.386+03:00  INFO 32176 --- [           main] o.f.core.internal.command.DbMigrate      : Schema "public" is up to date. No migration necessary.
2024-05-03T20:54:27.397+03:00  INFO 32176 --- [           main] o.hibernate.jpa.internal.util.LogHelper  : HHH000204: Processing PersistenceUnitInfo [name: default]
2024-05-03T20:54:27.399+03:00  INFO 32176 --- [           main] o.h.c.internal.RegionFactoryInitiator    : HHH000026: Second-level cache disabled
2024-05-03T20:54:27.403+03:00  INFO 32176 --- [           main] o.s.o.j.p.SpringPersistenceUnitInfo      : No LoadTimeWeaver setup: ignoring JPA class transformer
2024-05-03T20:54:27.440+03:00  INFO 32176 --- [           main] o.h.e.t.j.p.i.JtaPlatformInitiator       : HHH000489: No JTA platform available (set 'hibernate.transaction.jta.platform' to enable JTA platform integration)
2024-05-03T20:54:27.440+03:00  INFO 32176 --- [           main] j.LocalContainerEntityManagerFactoryBean : Initialized JPA EntityManagerFactory for persistence unit 'default'
2024-05-03T20:54:27.462+03:00  INFO 32176 --- [           main] c.j.repository.ProductRepositoryIT       : Started ProductRepositoryIT in 0.21 seconds (process running for 11.293)
Hibernate: select p1_0.id,p1_0.c_details,p1_0.c_title from catalogue.t_product p1_0 where upper(p1_0.c_title) like upper(?) escape '\'
]]></system-out>
  </testcase>
</testsuite>