<?xml version="1.0" encoding="UTF-8"?>
<testsuite xmlns:xsi="http://www.w3.org/2001/XMLSchema-instance" xsi:noNamespaceSchemaLocation="https://maven.apache.org/surefire/maven-surefire-plugin/xsd/surefire-test-report-3.0.xsd" version="3.0" name="com.javaded.security.OAuthClientHttpRequestInterceptorTest" time="0.123" tests="1" errors="0" skipped="0" failures="0">
  <properties>
[...]
</properties>
  <testcase name="intercept_AuthorizationHeaderIsNotSet_AddsAuthorizationHeader" classname="com.javaded.security.OAuthClientHttpRequestInterceptorTest" time="0.121"/>
</testsuite>