<?xml version="1.0" encoding="UTF-8"?>
<testsuite xmlns:xsi="http://www.w3.org/2001/XMLSchema-instance" xsi:noNamespaceSchemaLocation="https://maven.apache.org/surefire/maven-surefire-plugin/xsd/surefire-test-report-3.0.xsd" version="3.0" name="com.javaded.controller.ProductControllerTest" time="0.85" tests="8" errors="0" skipped="0" failures="0">
  <properties>
[...]
</properties>
  <testcase name="deleteProduct_RedirectsToProductsListPage" classname="com.javaded.controller.ProductControllerTest" time="0.771">
    <system-err><![CDATA[WARNING: A Java agent has been loaded dynamically (C:\Users\andro\.m2\repository\net\bytebuddy\byte-buddy-agent\1.14.13\byte-buddy-agent-1.14.13.jar)
WARNING: If a serviceability tool is in use, please run with -XX:+EnableDynamicAgentLoading to hide this warning
WARNING: If a serviceability tool is not in use, please run with -Djdk.instrument.traceUsage for more information
WARNING: Dynamic loading of agents will be disallowed by default in a future release
]]></system-err>
  </testcase>
  <testcase name="getProductEditPage_ReturnsProductEditPage" classname="com.javaded.controller.ProductControllerTest" time="0.002"/>
  <testcase name="updateProduct_RequestIsInvalid_ReturnsProductEditPage" classname="com.javaded.controller.ProductControllerTest" time="0.027"/>
  <testcase name="getProduct_ReturnsProductPage" classname="com.javaded.controller.ProductControllerTest" time="0.002"/>
  <testcase name="product_ProductExists_ReturnsProduct" classname="com.javaded.controller.ProductControllerTest" time="0.008"/>
  <testcase name="updateProduct_RequestIsValid_RedirectsToProductPage" classname="com.javaded.controller.ProductControllerTest" time="0.002"/>
  <testcase name="product_ProductDoesNotExist_ThrowsNoSuchElementException" classname="com.javaded.controller.ProductControllerTest" time="0.003"/>
  <testcase name="handleNoSuchElementException_Returns404ErrorPage" classname="com.javaded.controller.ProductControllerTest" time="0.004"/>
</testsuite>