<?xml version="1.0" encoding="UTF-8"?>
<testsuite xmlns:xsi="http://www.w3.org/2001/XMLSchema-instance" xsi:noNamespaceSchemaLocation="https://maven.apache.org/surefire/maven-failsafe-plugin/xsd/failsafe-test-report-3.0.xsd" version="3.0" name="com.javaded.controller.FavouriteProductsRestControllerIT" time="7.656" tests="9" errors="0" skipped="0" failures="0">
  <properties>
[...]
</properties>
  <testcase name="receiveFavouriteProducts_UserIsNotAuthenticated_ReturnsUnauthorized" classname="com.javaded.controller.FavouriteProductsRestControllerIT" time="0.292">
    <system-out><![CDATA[21:36:25.753 [main] INFO org.springframework.test.context.support.AnnotationConfigContextLoaderUtils -- Could not detect default configuration classes for test class [com.javaded.controller.FavouriteProductsRestControllerIT]: FavouriteProductsRestControllerIT does not declare any static, non-private, non-final, nested classes annotated with @Configuration.
21:36:25.865 [main] INFO org.springframework.boot.test.context.SpringBootTestContextBootstrapper -- Found @SpringBootConfiguration com.javaded.FeedbackServiceApplication for test class com.javaded.controller.FavouriteProductsRestControllerIT

  .   ____          _            __ _ _
 /\\ / ___'_ __ _ _(_)_ __  __ _ \ \ \ \
( ( )\___ | '_ | '_| | '_ \/ _` | \ \ \ \
 \\/  ___)| |_)| | | | | || (_| |  ) ) ) )
  '  |____| .__|_| |_|_| |_\__, | / / / /
 =========|_|==============|___/=/_/_/_/
 :: Spring Boot ::                (v3.2.5)

2024-05-03T21:36:26.133+03:00  INFO 30396 --- [           main] c.j.c.FavouriteProductsRestControllerIT  : Starting FavouriteProductsRestControllerIT using Java 21.0.3 with PID 30396 (started by andro in C:\Users\andro\Desktop\Catalogue\catalogue\feedback-service)
2024-05-03T21:36:26.134+03:00  INFO 30396 --- [           main] c.j.c.FavouriteProductsRestControllerIT  : No active profile set, falling back to 1 default profile: "default"
2024-05-03T21:36:26.646+03:00  INFO 30396 --- [           main] .s.d.r.c.RepositoryConfigurationDelegate : Bootstrapping Spring Data Reactive MongoDB repositories in DEFAULT mode.
2024-05-03T21:36:26.734+03:00  INFO 30396 --- [           main] .s.d.r.c.RepositoryConfigurationDelegate : Finished Spring Data repository scanning in 85 ms. Found 2 Reactive MongoDB repository interfaces.
2024-05-03T21:36:26.970+03:00  INFO 30396 --- [           main] org.testcontainers.images.PullPolicy     : Image pull policy will be performed by: DefaultPullPolicy()
2024-05-03T21:36:26.973+03:00  INFO 30396 --- [           main] o.t.utility.ImageNameSubstitutor         : Image name substitution will be performed by: DefaultImageNameSubstitutor (composite of 'ConfigurationFileImageNameSubstitutor' and 'PrefixingImageNameSubstitutor')
2024-05-03T21:36:27.150+03:00  INFO 30396 --- [           main] o.t.d.DockerClientProviderStrategy       : Loaded org.testcontainers.dockerclient.NpipeSocketClientProviderStrategy from ~/.testcontainers.properties, will try it first
2024-05-03T21:36:27.331+03:00  INFO 30396 --- [           main] o.t.d.DockerClientProviderStrategy       : Found Docker environment with local Npipe socket (npipe:////./pipe/docker_engine)
2024-05-03T21:36:27.332+03:00  INFO 30396 --- [           main] org.testcontainers.DockerClientFactory   : Docker host IP address is localhost
2024-05-03T21:36:27.345+03:00  INFO 30396 --- [           main] org.testcontainers.DockerClientFactory   : Connected to docker: 
  Server Version: 26.0.0
  API Version: 1.45
  Operating System: Docker Desktop
  Total Memory: 15951 MB
2024-05-03T21:36:27.370+03:00  INFO 30396 --- [           main] tc.testcontainers/ryuk:0.6.0             : Creating container for image: testcontainers/ryuk:0.6.0
2024-05-03T21:36:27.618+03:00  INFO 30396 --- [           main] tc.testcontainers/ryuk:0.6.0             : Container testcontainers/ryuk:0.6.0 is starting: 00e36f2c9311290f72910172fc708bc8bc250808a2136218bf5efd5ea8e71f66
2024-05-03T21:36:28.037+03:00  INFO 30396 --- [           main] tc.testcontainers/ryuk:0.6.0             : Container testcontainers/ryuk:0.6.0 started in PT0.6665399S
2024-05-03T21:36:28.044+03:00  INFO 30396 --- [           main] o.t.utility.RyukResourceReaper           : Ryuk started - will monitor and terminate Testcontainers containers on JVM exit
2024-05-03T21:36:28.044+03:00  INFO 30396 --- [           main] org.testcontainers.DockerClientFactory   : Checking the system...
2024-05-03T21:36:28.044+03:00  INFO 30396 --- [           main] org.testcontainers.DockerClientFactory   : ✔︎ Docker server version should be at least 1.6.0
2024-05-03T21:36:28.044+03:00  INFO 30396 --- [           main] tc.mongo:7                               : Creating container for image: mongo:7
2024-05-03T21:36:28.156+03:00  INFO 30396 --- [           main] tc.mongo:7                               : Container mongo:7 is starting: 04490936b546440bd63ac48c0de587141c870700932cc9028fa1c90f75dfe6b5
2024-05-03T21:36:29.575+03:00  INFO 30396 --- [           main] tc.mongo:7                               : Container mongo:7 started in PT1.5307685S
2024-05-03T21:36:30.747+03:00  INFO 30396 --- [           main] org.mongodb.driver.client                : MongoClient with metadata {"driver": {"name": "mongo-java-driver|reactive-streams|spring-boot", "version": "4.11.2"}, "os": {"type": "Windows", "name": "Windows 11", "architecture": "amd64", "version": "10.0"}, "platform": "Java/Amazon.com Inc./21.0.3+9-LTS"} created with settings MongoClientSettings{readPreference=primary, writeConcern=WriteConcern{w=null, wTimeout=null ms, journal=null}, retryWrites=true, retryReads=true, readConcern=ReadConcern{level=null}, credential=null, transportSettings=NettyTransportSettings{eventLoopGroup=io.netty.channel.nio.NioEventLoopGroup@226e07e7, socketChannelClass=null, allocator=null, sslContext=null}, streamFactoryFactory=null, commandListeners=[], codecRegistry=ProvidersCodecRegistry{codecProviders=[ValueCodecProvider{}, BsonValueCodecProvider{}, DBRefCodecProvider{}, DBObjectCodecProvider{}, DocumentCodecProvider{}, CollectionCodecProvider{}, IterableCodecProvider{}, MapCodecProvider{}, GeoJsonCodecProvider{}, GridFSFileCodecProvider{}, Jsr310CodecProvider{}, JsonObjectCodecProvider{}, BsonCodecProvider{}, EnumCodecProvider{}, com.mongodb.client.model.mql.ExpressionCodecProvider@7c31e410, com.mongodb.Jep395RecordCodecProvider@9880a15, com.mongodb.KotlinCodecProvider@6febec41]}, loggerSettings=LoggerSettings{maxDocumentLength=1000}, clusterSettings={hosts=[localhost:59774], srvServiceName=mongodb, mode=SINGLE, requiredClusterType=UNKNOWN, requiredReplicaSetName='null', serverSelector='null', clusterListeners='[]', serverSelectionTimeout='30000 ms', localThreshold='15 ms'}, socketSettings=SocketSettings{connectTimeoutMS=10000, readTimeoutMS=0, receiveBufferSize=0, proxySettings=ProxySettings{host=null, port=null, username=null, password=null}}, heartbeatSocketSettings=SocketSettings{connectTimeoutMS=10000, readTimeoutMS=10000, receiveBufferSize=0, proxySettings=ProxySettings{host=null, port=null, username=null, password=null}}, connectionPoolSettings=ConnectionPoolSettings{maxSize=100, minSize=0, maxWaitTimeMS=120000, maxConnectionLifeTimeMS=0, maxConnectionIdleTimeMS=0, maintenanceInitialDelayMS=0, maintenanceFrequencyMS=60000, connectionPoolListeners=[], maxConnecting=2}, serverSettings=ServerSettings{heartbeatFrequencyMS=10000, minHeartbeatFrequencyMS=500, serverListeners='[]', serverMonitorListeners='[]'}, sslSettings=SslSettings{enabled=false, invalidHostNameAllowed=false, context=null}, applicationName='null', compressorList=[], uuidRepresentation=JAVA_LEGACY, serverApi=null, autoEncryptionSettings=null, dnsClient=null, inetAddressResolver=null, contextProvider=null}
2024-05-03T21:36:30.831+03:00  INFO 30396 --- [localhost:59774] org.mongodb.driver.cluster               : Monitor thread successfully connected to server with description ServerDescription{address=localhost:59774, type=REPLICA_SET_PRIMARY, state=CONNECTED, ok=true, minWireVersion=0, maxWireVersion=21, maxDocumentSize=16777216, logicalSessionTimeoutMinutes=30, roundTripTimeNanos=48117100, setName='docker-rs', canonicalAddress=04490936b546:27017, hosts=[04490936b546:27017], passives=[], arbiters=[], primary='04490936b546:27017', tagSet=TagSet{[]}, electionId=7fffffff0000000000000001, setVersion=1, topologyVersion=TopologyVersion{processId=66352eac2dbd4e39abd54b33, counter=6}, lastWriteDate=Fri May 03 21:36:30 MSK 2024, lastUpdateTimeNanos=46129760761700}
2024-05-03T21:36:32.444+03:00  INFO 30396 --- [           main] c.j.c.FavouriteProductsRestControllerIT  : Started FavouriteProductsRestControllerIT in 6.477 seconds (process running for 7.323)
]]></system-out>
    <system-err><![CDATA[WARNING: A Java agent has been loaded dynamically (C:\Users\andro\.m2\repository\net\bytebuddy\byte-buddy-agent\1.14.13\byte-buddy-agent-1.14.13.jar)
WARNING: If a serviceability tool is in use, please run with -XX:+EnableDynamicAgentLoading to hide this warning
WARNING: If a serviceability tool is not in use, please run with -Djdk.instrument.traceUsage for more information
WARNING: Dynamic loading of agents will be disallowed by default in a future release
]]></system-err>
  </testcase>
  <testcase name="receiveFavouriteProductByProductId_UserIsNotAuthenticated_ReturnsUnauthorized" classname="com.javaded.controller.FavouriteProductsRestControllerIT" time="0.023"/>
  <testcase name="addFavouriteProduct_RequestIsValid_ReturnsCreatedFavouriteProduct" classname="com.javaded.controller.FavouriteProductsRestControllerIT" time="0.249"/>
  <testcase name="addFavouriteProduct_RequestIsInvalid_ReturnsBadRequest" classname="com.javaded.controller.FavouriteProductsRestControllerIT" time="0.049"/>
  <testcase name="deleteProductFromFavourites_UserIsNotAuthenticated_ReturnsUnauthorized" classname="com.javaded.controller.FavouriteProductsRestControllerIT" time="0.023"/>
  <testcase name="addFavouriteProduct_UserIsNotAuthenticated_ReturnsUnauthorized" classname="com.javaded.controller.FavouriteProductsRestControllerIT" time="0.027"/>
  <testcase name="receiveFavouriteProducts_ReturnsFavouriteProducts" classname="com.javaded.controller.FavouriteProductsRestControllerIT" time="0.075"/>
  <testcase name="receiveFavouriteProductByProductId_ReturnsFavouriteProduct" classname="com.javaded.controller.FavouriteProductsRestControllerIT" time="0.03"/>
  <testcase name="deleteProductFromFavourites_ReturnsNoContent" classname="com.javaded.controller.FavouriteProductsRestControllerIT" time="0.033"/>
</testsuite>