<?xml version="1.0" encoding="UTF-8"?>
<testsuite xmlns:xsi="http://www.w3.org/2001/XMLSchema-instance" xsi:noNamespaceSchemaLocation="https://maven.apache.org/surefire/maven-failsafe-plugin/xsd/failsafe-test-report-3.0.xsd" version="3.0" name="com.javaded.controller.ProductReviewsRestControllerIT" time="3.226" tests="5" errors="0" skipped="0" failures="0">
  <properties>
[...]
</properties>
  <testcase name="createProductReview_RequestIsInvalid_ReturnsBadRequest" classname="com.javaded.controller.ProductReviewsRestControllerIT" time="0.144">
    <system-out><![CDATA[2024-05-14T20:08:15.232+03:00  INFO 36544 --- [           main] [                                                 ] t.c.s.AnnotationConfigContextLoaderUtils : Could not detect default configuration classes for test class [com.javaded.controller.ProductReviewsRestControllerIT]: ProductReviewsRestControllerIT does not declare any static, non-private, non-final, nested classes annotated with @Configuration.
2024-05-14T20:08:15.236+03:00  INFO 36544 --- [           main] [                                                 ] .b.t.c.SpringBootTestContextBootstrapper : Found @SpringBootConfiguration com.javaded.FeedbackServiceApplication for test class com.javaded.controller.ProductReviewsRestControllerIT
2024-05-14T20:08:15.239+03:00  INFO 36544 --- [           main] [                                                 ] o.s.b.d.r.RestartApplicationListener     : Restart disabled due to context in which it is running

  .   ____          _            __ _ _
 /\\ / ___'_ __ _ _(_)_ __  __ _ \ \ \ \
( ( )\___ | '_ | '_| | '_ \/ _` | \ \ \ \
 \\/  ___)| |_)| | | | | || (_| |  ) ) ) )
  '  |____| .__|_| |_|_| |_\__, | / / / /
 =========|_|==============|___/=/_/_/_/
 :: Spring Boot ::                (v3.2.5)

2024-05-14T20:08:15.273+03:00  INFO 36544 --- [           main] [                                                 ] c.j.c.ProductReviewsRestControllerIT     : Starting ProductReviewsRestControllerIT using Java 21.0.3 with PID 36544 (started by andro in D:\Project\Catalogue\catalogue\feedback-service)
2024-05-14T20:08:15.273+03:00  INFO 36544 --- [           main] [                                                 ] c.j.c.ProductReviewsRestControllerIT     : No active profile set, falling back to 1 default profile: "default"
2024-05-14T20:08:15.499+03:00  INFO 36544 --- [           main] [                                                 ] .s.d.r.c.RepositoryConfigurationDelegate : Bootstrapping Spring Data Reactive MongoDB repositories in DEFAULT mode.
2024-05-14T20:08:15.502+03:00  INFO 36544 --- [           main] [                                                 ] .s.d.r.c.RepositoryConfigurationDelegate : Finished Spring Data repository scanning in 4 ms. Found 2 Reactive MongoDB repository interfaces.
2024-05-14T20:08:15.543+03:00  INFO 36544 --- [           main] [                                                 ] o.s.cloud.context.scope.GenericScope     : BeanFactory id=79dbc646-7fd8-3af7-bc4a-630047daa875
2024-05-14T20:08:15.553+03:00  WARN 36544 --- [           main] [                                                 ] trationDelegate$BeanPostProcessorChecker : Bean 'org.springframework.cloud.client.loadbalancer.LoadBalancerAutoConfiguration$DeferringLoadBalancerInterceptorConfig' of type [org.springframework.cloud.client.loadbalancer.LoadBalancerAutoConfiguration$DeferringLoadBalancerInterceptorConfig] is not eligible for getting processed by all BeanPostProcessors (for example: not eligible for auto-proxying). The currently created BeanPostProcessor [lbRestClientPostProcessor] is declared through a non-static factory method on that class; consider declaring it as static instead.
2024-05-14T20:08:15.554+03:00  WARN 36544 --- [           main] [                                                 ] trationDelegate$BeanPostProcessorChecker : Bean 'deferringLoadBalancerInterceptor' of type [org.springframework.cloud.client.loadbalancer.DeferringLoadBalancerInterceptor] is not eligible for getting processed by all BeanPostProcessors (for example: not eligible for auto-proxying). Is this bean getting eagerly injected into a currently created BeanPostProcessor [lbRestClientPostProcessor]? Check the corresponding BeanPostProcessor declaration and its dependencies.
2024-05-14T20:08:15.554+03:00  WARN 36544 --- [           main] [                                                 ] trationDelegate$BeanPostProcessorChecker : Bean 'org.springframework.cloud.client.loadbalancer.reactive.LoadBalancerBeanPostProcessorAutoConfiguration' of type [org.springframework.cloud.client.loadbalancer.reactive.LoadBalancerBeanPostProcessorAutoConfiguration] is not eligible for getting processed by all BeanPostProcessors (for example: not eligible for auto-proxying). The currently created BeanPostProcessor [loadBalancerWebClientBuilderBeanPostProcessor] is declared through a non-static factory method on that class; consider declaring it as static instead.
2024-05-14T20:08:15.554+03:00  WARN 36544 --- [           main] [                                                 ] trationDelegate$BeanPostProcessorChecker : Bean 'org.springframework.cloud.client.loadbalancer.reactive.LoadBalancerBeanPostProcessorAutoConfiguration$ReactorDeferringLoadBalancerFilterConfig' of type [org.springframework.cloud.client.loadbalancer.reactive.LoadBalancerBeanPostProcessorAutoConfiguration$ReactorDeferringLoadBalancerFilterConfig] is not eligible for getting processed by all BeanPostProcessors (for example: not eligible for auto-proxying). Is this bean getting eagerly injected into a currently created BeanPostProcessor [loadBalancerWebClientBuilderBeanPostProcessor]? Check the corresponding BeanPostProcessor declaration and its dependencies.
2024-05-14T20:08:15.554+03:00  WARN 36544 --- [           main] [                                                 ] trationDelegate$BeanPostProcessorChecker : Bean 'reactorDeferringLoadBalancerExchangeFilterFunction' of type [org.springframework.cloud.client.loadbalancer.reactive.DeferringLoadBalancerExchangeFilterFunction] is not eligible for getting processed by all BeanPostProcessors (for example: not eligible for auto-proxying). Is this bean getting eagerly injected into a currently created BeanPostProcessor [loadBalancerWebClientBuilderBeanPostProcessor]? Check the corresponding BeanPostProcessor declaration and its dependencies.
2024-05-14T20:08:15.559+03:00  INFO 36544 --- [           main] [                                                 ] tc.mongo:7                               : Creating container for image: mongo:7
2024-05-14T20:08:15.672+03:00  INFO 36544 --- [           main] [                                                 ] tc.mongo:7                               : Container mongo:7 is starting: 91b5daacf5552d3d21c978762f75c1e3bca2c0741189db9af40b3131d0fb4194
2024-05-14T20:08:17.024+03:00  INFO 36544 --- [           main] [                                                 ] tc.mongo:7                               : Container mongo:7 started in PT1.4645707S
2024-05-14T20:08:17.999+03:00  INFO 36544 --- [           main] [                                                 ] org.mongodb.driver.client                : MongoClient with metadata {"driver": {"name": "mongo-java-driver|reactive-streams|spring-boot", "version": "4.11.2"}, "os": {"type": "Windows", "name": "Windows 11", "architecture": "amd64", "version": "10.0"}, "platform": "Java/Amazon.com Inc./21.0.3+9-LTS"} created with settings MongoClientSettings{readPreference=primary, writeConcern=WriteConcern{w=null, wTimeout=null ms, journal=null}, retryWrites=true, retryReads=true, readConcern=ReadConcern{level=null}, credential=null, transportSettings=NettyTransportSettings{eventLoopGroup=io.netty.channel.nio.NioEventLoopGroup@74e322fd, socketChannelClass=null, allocator=null, sslContext=null}, streamFactoryFactory=null, commandListeners=[org.springframework.data.mongodb.observability.MongoObservationCommandListener@387907d, io.micrometer.core.instrument.binder.mongodb.MongoMetricsCommandListener@6018ff75], codecRegistry=ProvidersCodecRegistry{codecProviders=[ValueCodecProvider{}, BsonValueCodecProvider{}, DBRefCodecProvider{}, DBObjectCodecProvider{}, DocumentCodecProvider{}, CollectionCodecProvider{}, IterableCodecProvider{}, MapCodecProvider{}, GeoJsonCodecProvider{}, GridFSFileCodecProvider{}, Jsr310CodecProvider{}, JsonObjectCodecProvider{}, BsonCodecProvider{}, EnumCodecProvider{}, com.mongodb.client.model.mql.ExpressionCodecProvider@71806c64, com.mongodb.Jep395RecordCodecProvider@1e2c0292, com.mongodb.KotlinCodecProvider@69988d42]}, loggerSettings=LoggerSettings{maxDocumentLength=1000}, clusterSettings={hosts=[localhost:54482], srvServiceName=mongodb, mode=SINGLE, requiredClusterType=UNKNOWN, requiredReplicaSetName='null', serverSelector='null', clusterListeners='[]', serverSelectionTimeout='30000 ms', localThreshold='15 ms'}, socketSettings=SocketSettings{connectTimeoutMS=10000, readTimeoutMS=0, receiveBufferSize=0, proxySettings=ProxySettings{host=null, port=null, username=null, password=null}}, heartbeatSocketSettings=SocketSettings{connectTimeoutMS=10000, readTimeoutMS=10000, receiveBufferSize=0, proxySettings=ProxySettings{host=null, port=null, username=null, password=null}}, connectionPoolSettings=ConnectionPoolSettings{maxSize=100, minSize=0, maxWaitTimeMS=120000, maxConnectionLifeTimeMS=0, maxConnectionIdleTimeMS=0, maintenanceInitialDelayMS=0, maintenanceFrequencyMS=60000, connectionPoolListeners=[io.micrometer.core.instrument.binder.mongodb.MongoMetricsConnectionPoolListener@755dae57], maxConnecting=2}, serverSettings=ServerSettings{heartbeatFrequencyMS=10000, minHeartbeatFrequencyMS=500, serverListeners='[]', serverMonitorListeners='[]'}, sslSettings=SslSettings{enabled=false, invalidHostNameAllowed=false, context=null}, applicationName='null', compressorList=[], uuidRepresentation=JAVA_LEGACY, serverApi=null, autoEncryptionSettings=null, dnsClient=null, inetAddressResolver=null, contextProvider=INSTANCE}
2024-05-14T20:08:18.006+03:00  INFO 36544 --- [localhost:54482] [                                                 ] org.mongodb.driver.cluster               : Monitor thread successfully connected to server with description ServerDescription{address=localhost:54482, type=REPLICA_SET_PRIMARY, state=CONNECTED, ok=true, minWireVersion=0, maxWireVersion=21, maxDocumentSize=16777216, logicalSessionTimeoutMinutes=30, roundTripTimeNanos=5215400, setName='docker-rs', canonicalAddress=91b5daacf555:27017, hosts=[91b5daacf555:27017], passives=[], arbiters=[], primary='91b5daacf555:27017', tagSet=TagSet{[]}, electionId=7fffffff0000000000000001, setVersion=1, topologyVersion=TopologyVersion{processId=66439a809b73240da59e936d, counter=6}, lastWriteDate=Tue May 14 20:08:17 MSK 2024, lastUpdateTimeNanos=30132679140600}
2024-05-14T20:08:18.092+03:00  INFO 36544 --- [           main] [                                                 ] o.s.b.a.e.web.EndpointLinksResolver      : Exposing 1 endpoint(s) beneath base path '/actuator'
2024-05-14T20:08:18.145+03:00  INFO 36544 --- [           main] [                                                 ] DiscoveryClientOptionalArgsConfiguration : Eureka HTTP Client uses RestTemplate.
2024-05-14T20:08:18.154+03:00  WARN 36544 --- [           main] [                                                 ] iguration$LoadBalancerCaffeineWarnLogger : Spring Cloud LoadBalancer is currently working with the default cache. While this cache implementation is useful for development and tests, it's recommended to use Caffeine cache in production.You can switch to using Caffeine cache, by adding it and org.springframework.cache.caffeine.CaffeineCacheManager to the classpath.
2024-05-14T20:08:18.166+03:00  INFO 36544 --- [           main] [                                                 ] c.j.c.ProductReviewsRestControllerIT     : Started ProductReviewsRestControllerIT in 2.927 seconds (process running for 12.194)
]]></system-out>
  </testcase>
  <testcase name="findProductReviewsByProductId_ReturnsReviews" classname="com.javaded.controller.ProductReviewsRestControllerIT" time="0.031">
    <system-out><![CDATA[2024-05-14T20:08:18.321+03:00  INFO 36544 --- [           main] [                                                 ] c.j.c.ProductReviewsRestControllerIT     : ========== REQUEST ==========
2024-05-14T20:08:18.321+03:00  INFO 36544 --- [           main] [                                                 ] c.j.c.ProductReviewsRestControllerIT     : GET http://localhost:8080/feedback-api/product-reviews/by-product-id/1
2024-05-14T20:08:18.321+03:00  INFO 36544 --- [           main] [                                                 ] c.j.c.ProductReviewsRestControllerIT     : WebTestClient-Request-Id: [1]
2024-05-14T20:08:18.321+03:00  INFO 36544 --- [           main] [                                                 ] c.j.c.ProductReviewsRestControllerIT     : ======== END REQUEST ========
]]></system-out>
  </testcase>
  <testcase name="createProductReview_RequestIsValid_ReturnsCreatedProductReview" classname="com.javaded.controller.ProductReviewsRestControllerIT" time="0.076"/>
  <testcase name="findProductReviewsByProductId_UserIsNotAuthenticated_ReturnsNotAuthorized" classname="com.javaded.controller.ProductReviewsRestControllerIT" time="0.018"/>
  <testcase name="createProductReview_UserIsNotAuthenticated_ReturnsNotAuthorized" classname="com.javaded.controller.ProductReviewsRestControllerIT" time="0.019"/>
</testsuite>